28-Feb-2025 23:11:23.308 INFO [main] org.apache.catalina.startup.VersionLoggerListener.log Server version name:   Apache Tomcat/9.0.100
28-Feb-2025 23:11:23.311 INFO [main] org.apache.catalina.startup.VersionLoggerListener.log Server built:          Feb 13 2025 11:29:56 UTC
28-Feb-2025 23:11:23.311 INFO [main] org.apache.catalina.startup.VersionLoggerListener.log Server version number: 9.0.100.0
28-Feb-2025 23:11:23.311 INFO [main] org.apache.catalina.startup.VersionLoggerListener.log OS Name:               Windows 11
28-Feb-2025 23:11:23.312 INFO [main] org.apache.catalina.startup.VersionLoggerListener.log OS Version:            10.0
28-Feb-2025 23:11:23.312 INFO [main] org.apache.catalina.startup.VersionLoggerListener.log Architecture:          amd64
28-Feb-2025 23:11:23.312 INFO [main] org.apache.catalina.startup.VersionLoggerListener.log Java Home:             C:\Program Files\Java\jdk-18.0.2
28-Feb-2025 23:11:23.312 INFO [main] org.apache.catalina.startup.VersionLoggerListener.log JVM Version:           18.0.2+9-61
28-Feb-2025 23:11:23.312 INFO [main] org.apache.catalina.startup.VersionLoggerListener.log JVM Vendor:            Oracle Corporation
28-Feb-2025 23:11:23.312 INFO [main] org.apache.catalina.startup.VersionLoggerListener.log CATALINA_BASE:         C:\Users\91705\IdeaProjects\My_Servlet\src\main\webapp
28-Feb-2025 23:11:23.312 INFO [main] org.apache.catalina.startup.VersionLoggerListener.log CATALINA_HOME:         C:\apache-tomcat\apache-tomcat-9.0.100-windows-x64\apache-tomcat-9.0.100
28-Feb-2025 23:11:23.321 INFO [main] org.apache.catalina.startup.VersionLoggerListener.log Command line argument: --add-opens=java.base/java.lang=ALL-UNNAMED
28-Feb-2025 23:11:23.321 INFO [main] org.apache.catalina.startup.VersionLoggerListener.log Command line argument: --add-opens=java.base/java.io=ALL-UNNAMED
28-Feb-2025 23:11:23.321 INFO [main] org.apache.catalina.startup.VersionLoggerListener.log Command line argument: --add-opens=java.base/java.util=ALL-UNNAMED
28-Feb-2025 23:11:23.321 INFO [main] org.apache.catalina.startup.VersionLoggerListener.log Command line argument: --add-opens=java.base/java.util.concurrent=ALL-UNNAMED
28-Feb-2025 23:11:23.322 INFO [main] org.apache.catalina.startup.VersionLoggerListener.log Command line argument: --add-opens=java.rmi/sun.rmi.transport=ALL-UNNAMED
28-Feb-2025 23:11:23.322 INFO [main] org.apache.catalina.startup.VersionLoggerListener.log Command line argument: -Dcatalina.home=C:\apache-tomcat\apache-tomcat-9.0.100-windows-x64\apache-tomcat-9.0.100
28-Feb-2025 23:11:23.322 INFO [main] org.apache.catalina.startup.VersionLoggerListener.log Command line argument: -Dcatalina.base=C:\Users\91705\IdeaProjects\My_Servlet\src\main\webapp
28-Feb-2025 23:11:23.322 INFO [main] org.apache.catalina.startup.VersionLoggerListener.log Command line argument: -Djava.io.tmpdir=C:\Users\91705\IdeaProjects\My_Servlet\src\main\webapp\temp
28-Feb-2025 23:11:23.322 INFO [main] org.apache.catalina.startup.VersionLoggerListener.log Command line argument: -Djava.util.logging.config.file=C:\Users\91705\IdeaProjects\My_Servlet\src\main\webapp\conf\logging.properties
28-Feb-2025 23:11:23.322 INFO [main] org.apache.catalina.startup.VersionLoggerListener.log Command line argument: -Djava.util.logging.manager=org.apache.juli.ClassLoaderLogManager
28-Feb-2025 23:11:23.322 INFO [main] org.apache.catalina.startup.VersionLoggerListener.log Command line argument: -javaagent:C:\Program Files\JetBrains\IntelliJ IDEA Community Edition 2024.3.2\lib\idea_rt.jar=50387:C:\Program Files\JetBrains\IntelliJ IDEA Community Edition 2024.3.2\bin
28-Feb-2025 23:11:23.322 INFO [main] org.apache.catalina.startup.VersionLoggerListener.log Command line argument: -Dfile.encoding=UTF-8
28-Feb-2025 23:11:23.322 INFO [main] org.apache.catalina.startup.VersionLoggerListener.log Command line argument: -Dsun.stdout.encoding=UTF-8
28-Feb-2025 23:11:23.322 INFO [main] org.apache.catalina.startup.VersionLoggerListener.log Command line argument: -Dsun.stderr.encoding=UTF-8
28-Feb-2025 23:11:23.563 INFO [main] org.apache.catalina.core.AprLifecycleListener.lifecycleEvent Loaded Apache Tomcat Native library [1.3.1] using APR version [1.7.4].
28-Feb-2025 23:11:23.564 INFO [main] org.apache.catalina.core.AprLifecycleListener.lifecycleEvent APR capabilities: IPv6 [true], sendfile [true], accept filters [false], random [true], UDS [true].
28-Feb-2025 23:11:23.564 INFO [main] org.apache.catalina.core.AprLifecycleListener.lifecycleEvent APR/OpenSSL configuration: useAprConnector [false], useOpenSSL [true]
28-Feb-2025 23:11:23.572 INFO [main] org.apache.catalina.core.AprLifecycleListener.initializeSSL OpenSSL successfully initialized [OpenSSL 3.0.14 4 Jun 2024]
28-Feb-2025 23:11:23.872 INFO [main] org.apache.coyote.AbstractProtocol.init Initializing ProtocolHandler ["http-nio-8080"]
28-Feb-2025 23:11:23.891 INFO [main] org.apache.catalina.startup.Catalina.load Server initialization in [791] milliseconds
28-Feb-2025 23:11:23.932 INFO [main] org.apache.catalina.core.StandardService.startInternal Starting service [Catalina]
28-Feb-2025 23:11:23.932 INFO [main] org.apache.catalina.core.StandardEngine.startInternal Starting Servlet engine: [Apache Tomcat/9.0.100]
28-Feb-2025 23:11:23.941 INFO [main] org.apache.catalina.startup.HostConfig.deployDescriptor Deploying deployment descriptor [C:\Users\91705\IdeaProjects\My_Servlet\src\main\webapp\conf\Catalina\localhost\My_Servlet.xml]
28-Feb-2025 23:11:24.300 INFO [main] org.apache.catalina.startup.HostConfig.deployDescriptor Deployment of deployment descriptor [C:\Users\91705\IdeaProjects\My_Servlet\src\main\webapp\conf\Catalina\localhost\My_Servlet.xml] has finished in [359] ms
28-Feb-2025 23:11:24.305 INFO [main] org.apache.coyote.AbstractProtocol.start Starting ProtocolHandler ["http-nio-8080"]
28-Feb-2025 23:11:24.366 INFO [main] org.apache.catalina.startup.Catalina.start Server startup in [473] milliseconds
28-Feb-2025 23:11:32.514 INFO [Thread-1] org.apache.coyote.AbstractProtocol.pause Pausing ProtocolHandler ["http-nio-8080"]
28-Feb-2025 23:11:32.731 INFO [Thread-1] org.apache.catalina.core.StandardService.stopInternal Stopping service [Catalina]
28-Feb-2025 23:11:32.750 INFO [Thread-1] org.apache.coyote.AbstractProtocol.stop Stopping ProtocolHandler ["http-nio-8080"]
28-Feb-2025 23:11:32.761 INFO [Thread-1] org.apache.coyote.AbstractProtocol.destroy Destroying ProtocolHandler ["http-nio-8080"]
